#
# There is insufficient memory for the Java Runtime Environment to continue.
# Native memory allocation (malloc) failed to allocate 907616 bytes. Error detail: Chunk::new
# Possible reasons:
#   The system is out of physical RAM or swap space
#   This process is running with CompressedOops enabled, and the Java Heap may be blocking the growth of the native heap
# Possible solutions:
#   Reduce memory load on the system
#   Increase physical memory or swap space
#   Check if swap backing store is full
#   Decrease Java heap size (-Xmx/-Xms)
#   Decrease number of Java threads
#   Decrease Java thread stack sizes (-Xss)
#   Set larger code cache with -XX:ReservedCodeCacheSize=
#   JVM is running with Unscaled Compressed Oops mode in which the Java heap is
#     placed in the first 4GB address space. The Java Heap base address is the
#     maximum limit for the native heap growth. Please use -XX:HeapBaseMinAddress
#     to set the Java Heap base and to place the Java Heap above 4GB virtual address.
# This output file may be truncated or incomplete.
#
#  Out of Memory Error (arena.cpp:168), pid=18340, tid=15232
#
# JRE version: OpenJDK Runtime Environment (21.0.7) (build 21.0.7+-13880790-b1038.58)
# Java VM: OpenJDK 64-Bit Server VM (21.0.7+-13880790-b1038.58, mixed mode, tiered, compressed oops, compressed class ptrs, g1 gc, windows-amd64)
# No core dump will be written. Minidumps are not enabled by default on client versions of Windows
#

---------------  S U M M A R Y ------------

Command Line: --add-opens=java.base/java.lang=ALL-UNNAMED --add-opens=java.base/java.lang.invoke=ALL-UNNAMED --add-opens=java.base/java.util=ALL-UNNAMED --add-opens=java.prefs/java.util.prefs=ALL-UNNAMED --add-exports=jdk.compiler/com.sun.tools.javac.api=ALL-UNNAMED --add-exports=jdk.compiler/com.sun.tools.javac.util=ALL-UNNAMED --add-opens=java.base/java.util=ALL-UNNAMED --add-opens=java.prefs/java.util.prefs=ALL-UNNAMED --add-opens=java.base/java.nio.charset=ALL-UNNAMED --add-opens=java.base/java.net=ALL-UNNAMED --add-opens=java.base/java.util.concurrent.atomic=ALL-UNNAMED --add-opens=java.xml/javax.xml.namespace=ALL-UNNAMED -Xmx2048m -Dfile.encoding=UTF-8 -Duser.country=US -Duser.language=en -Duser.variant -javaagent:C:\Users\Abidul\.gradle\wrapper\dists\gradle-8.13-bin\5xuhj0ry160q40clulazy9h7d\gradle-8.13\lib\agents\gradle-instrumentation-agent-8.13.jar org.gradle.launcher.daemon.bootstrap.GradleDaemon 8.13

Host: 11th Gen Intel(R) Core(TM) i5-11600K @ 3.90GHz, 12 cores, 15G,  Windows 10 , 64 bit Build 19041 (10.0.19041.5915)
Time: Fri Oct 31 02:15:47 2025 Eastern Daylight Time elapsed time: 2.537405 seconds (0d 0h 0m 2s)

---------------  T H R E A D  ---------------

Current thread (0x0000021ecaf42910):  JavaThread "C2 CompilerThread0" daemon [_thread_in_native, id=15232, stack(0x0000007dbb300000,0x0000007dbb400000) (1024K)]


Current CompileTask:
C2:2537 2879       4       java.net.URLClassLoader$1::run (5 bytes)

Stack: [0x0000007dbb300000,0x0000007dbb400000]
Native frames: (J=compiled Java code, j=interpreted, Vv=VM code, C=native code)
V  [jvm.dll+0x6d25c9]
V  [jvm.dll+0x860923]
V  [jvm.dll+0x862e7e]
V  [jvm.dll+0x863563]
V  [jvm.dll+0x27f156]
V  [jvm.dll+0xc002d]
V  [jvm.dll+0xc0563]
V  [jvm.dll+0x2f31f0]
V  [jvm.dll+0x5fc309]
V  [jvm.dll+0x250f82]
V  [jvm.dll+0x25133f]
V  [jvm.dll+0x249ae5]
V  [jvm.dll+0x24733e]
V  [jvm.dll+0x1c5fb4]
V  [jvm.dll+0x256bac]
V  [jvm.dll+0x2550f6]
V  [jvm.dll+0x3f1d16]
V  [jvm.dll+0x808d08]
V  [jvm.dll+0x6d0e1d]
C  [ucrtbase.dll+0x21bb2]
C  [KERNEL32.DLL+0x17374]
C  [ntdll.dll+0x4cc91]


---------------  P R O C E S S  ---------------

Threads class SMR info:
_java_thread_list=0x0000021ed1a5ab00, length=26, elements={
0x0000021eb0f93c00, 0x0000021ecaf020a0, 0x0000021ecaf043a0, 0x0000021ecaf04e00,
0x0000021ecaf19f40, 0x0000021ecaf1adb0, 0x0000021ecaf1e5b0, 0x0000021ecaf21020,
0x0000021ecaf42910, 0x0000021ecaf44c80, 0x0000021ecb016450, 0x0000021ecaf43810,
0x0000021ecb014380, 0x0000021ecb015dc0, 0x0000021ecb014a10, 0x0000021ecb0150a0,
0x0000021ecb016ae0, 0x0000021ecb013660, 0x0000021ecb013cf0, 0x0000021ed1415710,
0x0000021ed1413640, 0x0000021ed1412290, 0x0000021ed1415da0, 0x0000021ed14198b0,
0x0000021ed1417e70, 0x0000021ecaf45350
}

Java Threads: ( => current thread )
  0x0000021eb0f93c00 JavaThread "main"                              [_thread_blocked, id=20352, stack(0x0000007dba400000,0x0000007dba500000) (1024K)]
  0x0000021ecaf020a0 JavaThread "Common-Cleaner"             daemon [_thread_blocked, id=2540, stack(0x0000007dbac00000,0x0000007dbad00000) (1024K)]
  0x0000021ecaf043a0 JavaThread "Reference Handler"          daemon [_thread_blocked, id=27988, stack(0x0000007dbad00000,0x0000007dbae00000) (1024K)]
  0x0000021ecaf04e00 JavaThread "Finalizer"                  daemon [_thread_blocked, id=16484, stack(0x0000007dbae00000,0x0000007dbaf00000) (1024K)]
  0x0000021ecaf19f40 JavaThread "Signal Dispatcher"          daemon [_thread_blocked, id=18104, stack(0x0000007dbaf00000,0x0000007dbb000000) (1024K)]
  0x0000021ecaf1adb0 JavaThread "Attach Listener"            daemon [_thread_blocked, id=22436, stack(0x0000007dbb000000,0x0000007dbb100000) (1024K)]
  0x0000021ecaf1e5b0 JavaThread "Service Thread"             daemon [_thread_blocked, id=26756, stack(0x0000007dbb100000,0x0000007dbb200000) (1024K)]
  0x0000021ecaf21020 JavaThread "Monitor Deflation Thread"   daemon [_thread_blocked, id=20244, stack(0x0000007dbb200000,0x0000007dbb300000) (1024K)]
=>0x0000021ecaf42910 JavaThread "C2 CompilerThread0"         daemon [_thread_in_native, id=15232, stack(0x0000007dbb300000,0x0000007dbb400000) (1024K)]
  0x0000021ecaf44c80 JavaThread "C1 CompilerThread0"         daemon [_thread_blocked, id=6908, stack(0x0000007dbb400000,0x0000007dbb500000) (1024K)]
  0x0000021ecb016450 JavaThread "Notification Thread"        daemon [_thread_blocked, id=28532, stack(0x0000007dbb500000,0x0000007dbb600000) (1024K)]
  0x0000021ecaf43810 JavaThread "C2 CompilerThread1"         daemon [_thread_in_native, id=15056, stack(0x0000007dbb600000,0x0000007dbb700000) (1024K)]
  0x0000021ecb014380 JavaThread "Daemon health stats"               [_thread_blocked, id=12904, stack(0x0000007dbb700000,0x0000007dbb800000) (1024K)]
  0x0000021ecb015dc0 JavaThread "Incoming local TCP Connector on port 52940"        [_thread_in_native, id=23412, stack(0x0000007dbc000000,0x0000007dbc100000) (1024K)]
  0x0000021ecb014a10 JavaThread "Daemon periodic checks"            [_thread_blocked, id=4884, stack(0x0000007dbc100000,0x0000007dbc200000) (1024K)]
  0x0000021ecb0150a0 JavaThread "Daemon"                            [_thread_blocked, id=26760, stack(0x0000007dbc200000,0x0000007dbc300000) (1024K)]
  0x0000021ecb016ae0 JavaThread "Handler for socket connection from /127.0.0.1:52940 to /127.0.0.1:52941"        [_thread_in_native, id=1784, stack(0x0000007dbc300000,0x0000007dbc400000) (1024K)]
  0x0000021ecb013660 JavaThread "Cancel handler"                    [_thread_blocked, id=5228, stack(0x0000007dbc400000,0x0000007dbc500000) (1024K)]
  0x0000021ecb013cf0 JavaThread "Daemon worker"                     [_thread_in_native, id=3900, stack(0x0000007dbc500000,0x0000007dbc600000) (1024K)]
  0x0000021ed1415710 JavaThread "Asynchronous log dispatcher for DefaultDaemonConnection: socket connection from /127.0.0.1:52940 to /127.0.0.1:52941"        [_thread_blocked, id=1656, stack(0x0000007dbc600000,0x0000007dbc700000) (1024K)]
  0x0000021ed1413640 JavaThread "Stdin handler"                     [_thread_blocked, id=3460, stack(0x0000007dbc700000,0x0000007dbc800000) (1024K)]
  0x0000021ed1412290 JavaThread "Daemon client event forwarder"        [_thread_blocked, id=4564, stack(0x0000007dbc800000,0x0000007dbc900000) (1024K)]
  0x0000021ed1415da0 JavaThread "Cache worker for journal cache (C:\Users\Abidul\.gradle\caches\journal-1)"        [_thread_blocked, id=18140, stack(0x0000007dbcc00000,0x0000007dbcd00000) (1024K)]
  0x0000021ed14198b0 JavaThread "File lock request listener"        [_thread_in_native, id=14636, stack(0x0000007dbcd00000,0x0000007dbce00000) (1024K)]
  0x0000021ed1417e70 JavaThread "Cache worker for file hash cache (C:\Users\Abidul\.gradle\caches\8.13\fileHashes)"        [_thread_blocked, id=1840, stack(0x0000007dbce00000,0x0000007dbcf00000) (1024K)]
  0x0000021ecaf45350 JavaThread "C2 CompilerThread2"         daemon [_thread_in_native, id=26516, stack(0x0000007dbcf00000,0x0000007dbd000000) (1024K)]
Total: 26

Other Threads:
  0x0000021ecaec1260 VMThread "VM Thread"                           [id=7680, stack(0x0000007dbab00000,0x0000007dbac00000) (1024K)]
  0x0000021ecae817b0 WatcherThread "VM Periodic Task Thread"        [id=4124, stack(0x0000007dbaa00000,0x0000007dbab00000) (1024K)]
  0x0000021eb32f8390 WorkerThread "GC Thread#0"                     [id=1472, stack(0x0000007dba500000,0x0000007dba600000) (1024K)]
  0x0000021ed0044830 WorkerThread "GC Thread#1"                     [id=18164, stack(0x0000007dbb800000,0x0000007dbb900000) (1024K)]
  0x0000021ed0044bd0 WorkerThread "GC Thread#2"                     [id=1772, stack(0x0000007dbb900000,0x0000007dbba00000) (1024K)]
  0x0000021ecba05080 WorkerThread "GC Thread#3"                     [id=13232, stack(0x0000007dbba00000,0x0000007dbbb00000) (1024K)]
  0x0000021ecba05830 WorkerThread "GC Thread#4"                     [id=5072, stack(0x0000007dbbb00000,0x0000007dbbc00000) (1024K)]
  0x0000021ecba0dfb0 WorkerThread "GC Thread#5"                     [id=9600, stack(0x0000007dbbc00000,0x0000007dbbd00000) (1024K)]
  0x0000021ed0569d30 WorkerThread "GC Thread#6"                     [id=28152, stack(0x0000007dbbd00000,0x0000007dbbe00000) (1024K)]
  0x0000021ed0569250 WorkerThread "GC Thread#7"                     [id=21828, stack(0x0000007dbbe00000,0x0000007dbbf00000) (1024K)]
  0x0000021ed05683d0 WorkerThread "GC Thread#8"                     [id=26992, stack(0x0000007dbbf00000,0x0000007dbc000000) (1024K)]
  0x0000021ed0568770 WorkerThread "GC Thread#9"                     [id=17204, stack(0x0000007dbc900000,0x0000007dbca00000) (1024K)]
  0x0000021eb330a2a0 ConcurrentGCThread "G1 Main Marker"            [id=12208, stack(0x0000007dba600000,0x0000007dba700000) (1024K)]
  0x0000021eb330c300 WorkerThread "G1 Conc#0"                       [id=26620, stack(0x0000007dba700000,0x0000007dba800000) (1024K)]
  0x0000021ed0568b10 WorkerThread "G1 Conc#1"                       [id=13048, stack(0x0000007dbca00000,0x0000007dbcb00000) (1024K)]
  0x0000021ed1483340 WorkerThread "G1 Conc#2"                       [id=18284, stack(0x0000007dbcb00000,0x0000007dbcc00000) (1024K)]
  0x0000021ecacf7630 ConcurrentGCThread "G1 Refine#0"               [id=26016, stack(0x0000007dba800000,0x0000007dba900000) (1024K)]
  0x0000021ecacf7e50 ConcurrentGCThread "G1 Service"                [id=3372, stack(0x0000007dba900000,0x0000007dbaa00000) (1024K)]
Total: 18

Threads with active compile tasks:
C2 CompilerThread0  2556 2879       4       java.net.URLClassLoader$1::run (5 bytes)
C2 CompilerThread1  2556 2880   !   4       java.net.URLClassLoader$1::run (81 bytes)
C2 CompilerThread2  2556 2829   !   4       java.net.URLClassLoader::findClass (47 bytes)
Total: 3

VM state: not at safepoint (normal execution)

VM Mutex/Monitor currently owned by a thread: None

Heap address: 0x0000000080000000, size: 2048 MB, Compressed Oops mode: 32-bit

CDS archive(s) not mapped
Compressed class space mapped at: 0x0000000100000000-0x0000000140000000, reserved size: 1073741824
Narrow klass base: 0x0000000000000000, Narrow klass shift: 3, Narrow klass range: 0x140000000

GC Precious Log:
 CardTable entry size: 512
 Card Set container configuration: InlinePtr #cards 5 size 8 Array Of Cards #cards 12 size 40 Howl #buckets 4 coarsen threshold 1843 Howl Bitmap #cards 512 size 80 coarsen threshold 460 Card regions per heap region 1 cards per card region 2048
 CPUs: 12 total, 12 available
 Memory: 16212M
 Large Page Support: Disabled
 NUMA Support: Disabled
 Compressed Oops: Enabled (32-bit)
 Heap Region Size: 1M
 Heap Min Capacity: 8M
 Heap Initial Capacity: 254M
 Heap Max Capacity: 2G
 Pre-touch: Disabled
 Parallel Workers: 10
 Concurrent Workers: 3
 Concurrent Refinement Workers: 10
 Periodic GC: Disabled

Heap:
 garbage-first heap   total 68608K, used 41059K [0x0000000080000000, 0x0000000100000000)
  region size 1024K, 24 young (24576K), 4 survivors (4096K)
 Metaspace       used 29447K, committed 30080K, reserved 1114112K
  class space    used 3859K, committed 4160K, reserved 1048576K

Heap Regions: E=young(eden), S=young(survivor), O=old, HS=humongous(starts), HC=humongous(continues), CS=collection set, F=free, TAMS=top-at-mark-start, PB=parsable bottom
|   0|0x0000000080000000, 0x0000000080100000, 0x0000000080100000|100%|HS|  |TAMS 0x0000000080000000| PB 0x0000000080000000| Complete 
|   1|0x0000000080100000, 0x0000000080200000, 0x0000000080200000|100%|HC|  |TAMS 0x0000000080100000| PB 0x0000000080100000| Complete 
|   2|0x0000000080200000, 0x0000000080300000, 0x0000000080300000|100%|HC|  |TAMS 0x0000000080200000| PB 0x0000000080200000| Complete 
|   3|0x0000000080300000, 0x0000000080400000, 0x0000000080400000|100%| O|  |TAMS 0x0000000080300000| PB 0x0000000080300000| Untracked 
|   4|0x0000000080400000, 0x0000000080500000, 0x0000000080500000|100%| O|  |TAMS 0x0000000080400000| PB 0x0000000080400000| Untracked 
|   5|0x0000000080500000, 0x0000000080600000, 0x0000000080600000|100%| O|  |TAMS 0x0000000080500000| PB 0x0000000080500000| Untracked 
|   6|0x0000000080600000, 0x0000000080700000, 0x0000000080700000|100%|HS|  |TAMS 0x0000000080600000| PB 0x0000000080600000| Complete 
|   7|0x0000000080700000, 0x0000000080800000, 0x0000000080800000|100%| O|  |TAMS 0x0000000080700000| PB 0x0000000080700000| Untracked 
|   8|0x0000000080800000, 0x0000000080900000, 0x0000000080900000|100%| O|  |TAMS 0x0000000080800000| PB 0x0000000080800000| Untracked 
|   9|0x0000000080900000, 0x0000000080a00000, 0x0000000080a00000|100%| O|  |TAMS 0x0000000080900000| PB 0x0000000080900000| Untracked 
|  10|0x0000000080a00000, 0x0000000080b00000, 0x0000000080b00000|100%| O|  |TAMS 0x0000000080a00000| PB 0x0000000080a00000| Untracked 
|  11|0x0000000080b00000, 0x0000000080c00000, 0x0000000080c00000|100%| O|  |TAMS 0x0000000080b00000| PB 0x0000000080b00000| Untracked 
|  12|0x0000000080c00000, 0x0000000080ce8090, 0x0000000080d00000| 90%| O|Cm|TAMS 0x0000000080c00000| PB 0x0000000080c00000| Complete 
|  13|0x0000000080d00000, 0x0000000080e00000, 0x0000000080e00000|100%| O|  |TAMS 0x0000000080d00000| PB 0x0000000080d00000| Untracked 
|  14|0x0000000080e00000, 0x0000000080f00000, 0x0000000080f00000|100%| O|  |TAMS 0x0000000080e00000| PB 0x0000000080e00000| Untracked 
|  15|0x0000000080f00000, 0x0000000081000000, 0x0000000081000000|100%| O|  |TAMS 0x0000000080f00000| PB 0x0000000080f00000| Untracked 
|  16|0x0000000081000000, 0x0000000081100000, 0x0000000081100000|100%| O|  |TAMS 0x0000000081000000| PB 0x0000000081000000| Untracked 
|  17|0x0000000081100000, 0x000000008119c918, 0x0000000081200000| 61%| O|  |TAMS 0x0000000081100000| PB 0x0000000081100000| Untracked 
|  18|0x0000000081200000, 0x0000000081200000, 0x0000000081300000|  0%| F|  |TAMS 0x0000000081200000| PB 0x0000000081200000| Untracked 
|  19|0x0000000081300000, 0x0000000081300000, 0x0000000081400000|  0%| F|  |TAMS 0x0000000081300000| PB 0x0000000081300000| Untracked 
|  20|0x0000000081400000, 0x0000000081400000, 0x0000000081500000|  0%| F|  |TAMS 0x0000000081400000| PB 0x0000000081400000| Untracked 
|  21|0x0000000081500000, 0x0000000081500000, 0x0000000081600000|  0%| F|  |TAMS 0x0000000081500000| PB 0x0000000081500000| Untracked 
|  22|0x0000000081600000, 0x0000000081600000, 0x0000000081700000|  0%| F|  |TAMS 0x0000000081600000| PB 0x0000000081600000| Untracked 
|  23|0x0000000081700000, 0x0000000081794290, 0x0000000081800000| 57%| S|CS|TAMS 0x0000000081700000| PB 0x0000000081700000| Complete 
|  24|0x0000000081800000, 0x0000000081900000, 0x0000000081900000|100%| S|CS|TAMS 0x0000000081800000| PB 0x0000000081800000| Complete 
|  25|0x0000000081900000, 0x0000000081a00000, 0x0000000081a00000|100%| S|CS|TAMS 0x0000000081900000| PB 0x0000000081900000| Complete 
|  26|0x0000000081a00000, 0x0000000081b00000, 0x0000000081b00000|100%| S|CS|TAMS 0x0000000081a00000| PB 0x0000000081a00000| Complete 
|  27|0x0000000081b00000, 0x0000000081b00000, 0x0000000081c00000|  0%| F|  |TAMS 0x0000000081b00000| PB 0x0000000081b00000| Untracked 
|  28|0x0000000081c00000, 0x0000000081c00000, 0x0000000081d00000|  0%| F|  |TAMS 0x0000000081c00000| PB 0x0000000081c00000| Untracked 
|  29|0x0000000081d00000, 0x0000000081d00000, 0x0000000081e00000|  0%| F|  |TAMS 0x0000000081d00000| PB 0x0000000081d00000| Untracked 
|  30|0x0000000081e00000, 0x0000000081e00000, 0x0000000081f00000|  0%| F|  |TAMS 0x0000000081e00000| PB 0x0000000081e00000| Untracked 
|  31|0x0000000081f00000, 0x0000000081f00000, 0x0000000082000000|  0%| F|  |TAMS 0x0000000081f00000| PB 0x0000000081f00000| Untracked 
|  32|0x0000000082000000, 0x0000000082000000, 0x0000000082100000|  0%| F|  |TAMS 0x0000000082000000| PB 0x0000000082000000| Untracked 
|  33|0x0000000082100000, 0x0000000082100000, 0x0000000082200000|  0%| F|  |TAMS 0x0000000082100000| PB 0x0000000082100000| Untracked 
|  34|0x0000000082200000, 0x0000000082200000, 0x0000000082300000|  0%| F|  |TAMS 0x0000000082200000| PB 0x0000000082200000| Untracked 
|  35|0x0000000082300000, 0x0000000082300000, 0x0000000082400000|  0%| F|  |TAMS 0x0000000082300000| PB 0x0000000082300000| Untracked 
|  36|0x0000000082400000, 0x0000000082400000, 0x0000000082500000|  0%| F|  |TAMS 0x0000000082400000| PB 0x0000000082400000| Untracked 
|  37|0x0000000082500000, 0x0000000082500000, 0x0000000082600000|  0%| F|  |TAMS 0x0000000082500000| PB 0x0000000082500000| Untracked 
|  38|0x0000000082600000, 0x0000000082600000, 0x0000000082700000|  0%| F|  |TAMS 0x0000000082600000| PB 0x0000000082600000| Untracked 
|  39|0x0000000082700000, 0x0000000082700000, 0x0000000082800000|  0%| F|  |TAMS 0x0000000082700000| PB 0x0000000082700000| Untracked 
|  40|0x0000000082800000, 0x0000000082800000, 0x0000000082900000|  0%| F|  |TAMS 0x0000000082800000| PB 0x0000000082800000| Untracked 
|  41|0x0000000082900000, 0x0000000082900000, 0x0000000082a00000|  0%| F|  |TAMS 0x0000000082900000| PB 0x0000000082900000| Untracked 
|  42|0x0000000082a00000, 0x0000000082a00000, 0x0000000082b00000|  0%| F|  |TAMS 0x0000000082a00000| PB 0x0000000082a00000| Untracked 
|  43|0x0000000082b00000, 0x0000000082b00000, 0x0000000082c00000|  0%| F|  |TAMS 0x0000000082b00000| PB 0x0000000082b00000| Untracked 
|  44|0x0000000082c00000, 0x0000000082c00000, 0x0000000082d00000|  0%| F|  |TAMS 0x0000000082c00000| PB 0x0000000082c00000| Untracked 
|  45|0x0000000082d00000, 0x0000000082d00000, 0x0000000082e00000|  0%| F|  |TAMS 0x0000000082d00000| PB 0x0000000082d00000| Untracked 
|  46|0x0000000082e00000, 0x0000000082e00000, 0x0000000082f00000|  0%| F|  |TAMS 0x0000000082e00000| PB 0x0000000082e00000| Untracked 
|  47|0x0000000082f00000, 0x0000000082f67830, 0x0000000083000000| 40%| E|  |TAMS 0x0000000082f00000| PB 0x0000000082f00000| Complete 
|  48|0x0000000083000000, 0x0000000083100000, 0x0000000083100000|100%| E|CS|TAMS 0x0000000083000000| PB 0x0000000083000000| Complete 
|  49|0x0000000083100000, 0x0000000083200000, 0x0000000083200000|100%| E|CS|TAMS 0x0000000083100000| PB 0x0000000083100000| Complete 
|  50|0x0000000083200000, 0x0000000083300000, 0x0000000083300000|100%| E|CS|TAMS 0x0000000083200000| PB 0x0000000083200000| Complete 
|  51|0x0000000083300000, 0x0000000083400000, 0x0000000083400000|100%| E|CS|TAMS 0x0000000083300000| PB 0x0000000083300000| Complete 
|  52|0x0000000083400000, 0x0000000083500000, 0x0000000083500000|100%| E|CS|TAMS 0x0000000083400000| PB 0x0000000083400000| Complete 
|  53|0x0000000083500000, 0x0000000083600000, 0x0000000083600000|100%| E|CS|TAMS 0x0000000083500000| PB 0x0000000083500000| Complete 
|  54|0x0000000083600000, 0x0000000083700000, 0x0000000083700000|100%| E|CS|TAMS 0x0000000083600000| PB 0x0000000083600000| Complete 
|  55|0x0000000083700000, 0x0000000083800000, 0x0000000083800000|100%| E|CS|TAMS 0x0000000083700000| PB 0x0000000083700000| Complete 
|  56|0x0000000083800000, 0x0000000083900000, 0x0000000083900000|100%| E|CS|TAMS 0x0000000083800000| PB 0x0000000083800000| Complete 
| 223|0x000000008df00000, 0x000000008e000000, 0x000000008e000000|100%| E|CS|TAMS 0x000000008df00000| PB 0x000000008df00000| Complete 
| 224|0x000000008e000000, 0x000000008e100000, 0x000000008e100000|100%| E|CS|TAMS 0x000000008e000000| PB 0x000000008e000000| Complete 
| 225|0x000000008e100000, 0x000000008e200000, 0x000000008e200000|100%| E|CS|TAMS 0x000000008e100000| PB 0x000000008e100000| Complete 
| 226|0x000000008e200000, 0x000000008e300000, 0x000000008e300000|100%| E|CS|TAMS 0x000000008e200000| PB 0x000000008e200000| Complete 
| 227|0x000000008e300000, 0x000000008e400000, 0x000000008e400000|100%| E|CS|TAMS 0x000000008e300000| PB 0x000000008e300000| Complete 
| 228|0x000000008e400000, 0x000000008e500000, 0x000000008e500000|100%| E|CS|TAMS 0x000000008e400000| PB 0x000000008e400000| Complete 
| 229|0x000000008e500000, 0x000000008e600000, 0x000000008e600000|100%| E|CS|TAMS 0x000000008e500000| PB 0x000000008e500000| Complete 
| 230|0x000000008e600000, 0x000000008e700000, 0x000000008e700000|100%| E|CS|TAMS 0x000000008e600000| PB 0x000000008e600000| Complete 
| 252|0x000000008fc00000, 0x000000008fd00000, 0x000000008fd00000|100%| E|CS|TAMS 0x000000008fc00000| PB 0x000000008fc00000| Complete 
| 253|0x000000008fd00000, 0x000000008fe00000, 0x000000008fe00000|100%| E|CS|TAMS 0x000000008fd00000| PB 0x000000008fd00000| Complete 

Card table byte_map: [0x0000021ec5d50000,0x0000021ec6150000] _byte_map_base: 0x0000021ec5950000

Marking Bits: (CMBitMap*) 0x0000021eb32f8840
 Bits: [0x0000021ec6150000, 0x0000021ec8150000)

Polling page: 0x0000021eb0f40000

Metaspace:

Usage:
  Non-class:     25.00 MB used.
      Class:      3.77 MB used.
       Both:     28.78 MB used.

Virtual space:
  Non-class space:       64.00 MB reserved,      25.31 MB ( 40%) committed,  1 nodes.
      Class space:        1.00 GB reserved,       4.06 MB ( <1%) committed,  1 nodes.
             Both:        1.06 GB reserved,      29.38 MB (  3%) committed. 

Chunk freelists:
   Non-Class:  6.61 MB
       Class:  11.98 MB
        Both:  18.59 MB

MaxMetaspaceSize: unlimited
CompressedClassSpaceSize: 1.00 GB
Initial GC threshold: 21.00 MB
Current GC threshold: 35.12 MB
CDS: off
 - commit_granule_bytes: 65536.
 - commit_granule_words: 8192.
 - virtual_space_node_default_size: 8388608.
 - enlarge_chunks_in_place: 1.
 - use_allocation_guard: 0.


Internal statistics:

num_allocs_failed_limit: 3.
num_arena_births: 862.
num_arena_deaths: 0.
num_vsnodes_births: 2.
num_vsnodes_deaths: 0.
num_space_committed: 471.
num_space_uncommitted: 0.
num_chunks_returned_to_freelist: 3.
num_chunks_taken_from_freelist: 1678.
num_chunk_merges: 3.
num_chunk_splits: 1088.
num_chunks_enlarged: 710.
num_inconsistent_stats: 0.

CodeHeap 'non-profiled nmethods': size=120000Kb used=1491Kb max_used=1491Kb free=118508Kb
 bounds [0x0000021ebded0000, 0x0000021ebe140000, 0x0000021ec5400000]
CodeHeap 'profiled nmethods': size=120000Kb used=5848Kb max_used=5848Kb free=114151Kb
 bounds [0x0000021eb6400000, 0x0000021eb69c0000, 0x0000021ebd930000]
CodeHeap 'non-nmethods': size=5760Kb used=1631Kb max_used=1694Kb free=4128Kb
 bounds [0x0000021ebd930000, 0x0000021ebdba0000, 0x0000021ebded0000]
 total_blobs=3491 nmethods=2920 adapters=475
 compilation: enabled
              stopped_count=0, restarted_count=0
 full_count=0

Compilation events (20 events):
Event: 2.498 Thread 0x0000021ecaf44c80 2909       3       java.lang.ThreadLocal::set (26 bytes)
Event: 2.499 Thread 0x0000021ecaf44c80 nmethod 2909 0x0000021eb69a7b90 code [0x0000021eb69a7d60, 0x0000021eb69a80a0]
Event: 2.500 Thread 0x0000021ecaf44c80 2911       3       java.lang.invoke.LambdaFormBuffer::lambdaForm (37 bytes)
Event: 2.501 Thread 0x0000021ecaf44c80 nmethod 2911 0x0000021eb69a8210 code [0x0000021eb69a8400, 0x0000021eb69a87c0]
Event: 2.501 Thread 0x0000021ecaf44c80 2912       3       java.lang.invoke.InvokerBytecodeGenerator::methodPrologue (29 bytes)
Event: 2.501 Thread 0x0000021ecaf44c80 nmethod 2912 0x0000021eb69a8990 code [0x0000021eb69a8b60, 0x0000021eb69a8e88]
Event: 2.501 Thread 0x0000021ecaf44c80 2914       3       java.lang.invoke.MethodHandles::classData (17 bytes)
Event: 2.501 Thread 0x0000021ecaf44c80 nmethod 2914 0x0000021eb69a9010 code [0x0000021eb69a9200, 0x0000021eb69a95c0]
Event: 2.501 Thread 0x0000021ecaf44c80 2915       3       java.lang.System$2::classData (5 bytes)
Event: 2.501 Thread 0x0000021ecaf44c80 nmethod 2915 0x0000021eb69a9790 code [0x0000021eb69a9920, 0x0000021eb69a9a50]
Event: 2.501 Thread 0x0000021ecaf44c80 2913       3       java.lang.invoke.InvokerBytecodeGenerator::emitArrayOp (113 bytes)
Event: 2.501 Thread 0x0000021ecaf44c80 nmethod 2913 0x0000021eb69a9b10 code [0x0000021eb69a9d60, 0x0000021eb69aa520]
Event: 2.502 Thread 0x0000021ecaf44c80 2916       3       java.lang.invoke.InvokerBytecodeGenerator::emitReturn (107 bytes)
Event: 2.502 Thread 0x0000021ecaf44c80 nmethod 2916 0x0000021eb69aa890 code [0x0000021eb69aaaa0, 0x0000021eb69aaf50]
Event: 2.511 Thread 0x0000021ecaf44c80 2917       1       java.util.ImmutableCollections$List12::isEmpty (2 bytes)
Event: 2.511 Thread 0x0000021ecaf44c80 nmethod 2917 0x0000021ebe044490 code [0x0000021ebe044620, 0x0000021ebe0446e8]
Event: 2.514 Thread 0x0000021ecaf44c80 2918       3       java.lang.invoke.LambdaFormBuffer::replaceFunctions (121 bytes)
Event: 2.514 Thread 0x0000021ecaf44c80 nmethod 2918 0x0000021eb69ab190 code [0x0000021eb69ab3e0, 0x0000021eb69abd50]
Event: 2.519 Thread 0x0000021ecaf44c80 2919       3       java.util.stream.ReferencePipeline$2$1::accept (27 bytes)
Event: 2.519 Thread 0x0000021ecaf44c80 nmethod 2919 0x0000021eb69ac090 code [0x0000021eb69ac260, 0x0000021eb69ac540]

GC Heap History (10 events):
Event: 0.376 GC heap before
{Heap before GC invocations=0 (full 0):
 garbage-first heap   total 260096K, used 22528K [0x0000000080000000, 0x0000000100000000)
  region size 1024K, 23 young (23552K), 0 survivors (0K)
 Metaspace       used 8075K, committed 8192K, reserved 1114112K
  class space    used 728K, committed 768K, reserved 1048576K
}
Event: 0.379 GC heap after
{Heap after GC invocations=1 (full 0):
 garbage-first heap   total 260096K, used 2314K [0x0000000080000000, 0x0000000100000000)
  region size 1024K, 3 young (3072K), 3 survivors (3072K)
 Metaspace       used 8075K, committed 8192K, reserved 1114112K
  class space    used 728K, committed 768K, reserved 1048576K
}
Event: 0.901 GC heap before
{Heap before GC invocations=1 (full 0):
 garbage-first heap   total 260096K, used 41226K [0x0000000080000000, 0x0000000100000000)
  region size 1024K, 39 young (39936K), 3 survivors (3072K)
 Metaspace       used 12299K, committed 12480K, reserved 1114112K
  class space    used 1316K, committed 1408K, reserved 1048576K
}
Event: 0.905 GC heap after
{Heap after GC invocations=2 (full 0):
 garbage-first heap   total 260096K, used 10739K [0x0000000080000000, 0x0000000100000000)
  region size 1024K, 5 young (5120K), 5 survivors (5120K)
 Metaspace       used 12299K, committed 12480K, reserved 1114112K
  class space    used 1316K, committed 1408K, reserved 1048576K
}
Event: 1.505 GC heap before
{Heap before GC invocations=2 (full 0):
 garbage-first heap   total 260096K, used 62963K [0x0000000080000000, 0x0000000100000000)
  region size 1024K, 54 young (55296K), 5 survivors (5120K)
 Metaspace       used 15765K, committed 16000K, reserved 1114112K
  class space    used 1782K, committed 1920K, reserved 1048576K
}
Event: 1.510 GC heap after
{Heap after GC invocations=3 (full 0):
 garbage-first heap   total 260096K, used 18269K [0x0000000080000000, 0x0000000100000000)
  region size 1024K, 6 young (6144K), 6 survivors (6144K)
 Metaspace       used 15765K, committed 16000K, reserved 1114112K
  class space    used 1782K, committed 1920K, reserved 1048576K
}
Event: 1.865 GC heap before
{Heap before GC invocations=3 (full 0):
 garbage-first heap   total 260096K, used 40797K [0x0000000080000000, 0x0000000100000000)
  region size 1024K, 29 young (29696K), 6 survivors (6144K)
 Metaspace       used 21214K, committed 21504K, reserved 1114112K
  class space    used 2508K, committed 2688K, reserved 1048576K
}
Event: 1.868 GC heap after
{Heap after GC invocations=4 (full 0):
 garbage-first heap   total 260096K, used 20283K [0x0000000080000000, 0x0000000100000000)
  region size 1024K, 8 young (8192K), 8 survivors (8192K)
 Metaspace       used 21214K, committed 21504K, reserved 1114112K
  class space    used 2508K, committed 2688K, reserved 1048576K
}
Event: 2.300 GC heap before
{Heap before GC invocations=5 (full 0):
 garbage-first heap   total 68608K, used 52027K [0x0000000080000000, 0x0000000100000000)
  region size 1024K, 40 young (40960K), 8 survivors (8192K)
 Metaspace       used 26703K, committed 27200K, reserved 1114112K
  class space    used 3364K, committed 3584K, reserved 1048576K
}
Event: 2.304 GC heap after
{Heap after GC invocations=6 (full 0):
 garbage-first heap   total 68608K, used 21603K [0x0000000080000000, 0x0000000100000000)
  region size 1024K, 4 young (4096K), 4 survivors (4096K)
 Metaspace       used 26703K, committed 27200K, reserved 1114112K
  class space    used 3364K, committed 3584K, reserved 1048576K
}

Dll operation events (3 events):
Event: 0.009 Loaded shared library C:\Program Files\Android\Android Studio\jbr\bin\java.dll
Event: 0.013 Loaded shared library C:\Program Files\Android\Android Studio\jbr\bin\zip.dll
Event: 0.457 Loaded shared library C:\Program Files\Android\Android Studio\jbr\bin\verify.dll

Deoptimization events (20 events):
Event: 2.140 Thread 0x0000021ecb013cf0 DEOPT PACKING pc=0x0000021eb64ed659 sp=0x0000007dbc5fa700
Event: 2.140 Thread 0x0000021ecb013cf0 DEOPT UNPACKING pc=0x0000021ebd9888e2 sp=0x0000007dbc5f9b98 mode 0
Event: 2.172 Thread 0x0000021ecb013cf0 Uncommon trap: trap_request=0xffffff45 fr.pc=0x0000021ebdef5c38 relative=0x0000000000000e38
Event: 2.172 Thread 0x0000021ecb013cf0 Uncommon trap: reason=unstable_if action=reinterpret pc=0x0000021ebdef5c38 method=java.io.WinNTFileSystem.resolve(Ljava/lang/String;Ljava/lang/String;)Ljava/lang/String; @ 19 c2
Event: 2.172 Thread 0x0000021ecb013cf0 DEOPT PACKING pc=0x0000021ebdef5c38 sp=0x0000007dbc5fb360
Event: 2.173 Thread 0x0000021ecb013cf0 DEOPT UNPACKING pc=0x0000021ebd987da2 sp=0x0000007dbc5fb2f8 mode 2
Event: 2.173 Thread 0x0000021ecb013cf0 Uncommon trap: trap_request=0xffffff45 fr.pc=0x0000021ebdf73cec relative=0x000000000000068c
Event: 2.173 Thread 0x0000021ecb013cf0 Uncommon trap: reason=unstable_if action=reinterpret pc=0x0000021ebdf73cec method=java.io.File.getName()Ljava/lang/String; @ 16 c2
Event: 2.173 Thread 0x0000021ecb013cf0 DEOPT PACKING pc=0x0000021ebdf73cec sp=0x0000007dbc5fb320
Event: 2.173 Thread 0x0000021ecb013cf0 DEOPT UNPACKING pc=0x0000021ebd987da2 sp=0x0000007dbc5fb2f0 mode 2
Event: 2.226 Thread 0x0000021ecb013cf0 Uncommon trap: trap_request=0xffffff45 fr.pc=0x0000021ebdefc190 relative=0x00000000000000f0
Event: 2.226 Thread 0x0000021ecb013cf0 Uncommon trap: reason=unstable_if action=reinterpret pc=0x0000021ebdefc190 method=java.util.HashMap.hash(Ljava/lang/Object;)I @ 1 c2
Event: 2.226 Thread 0x0000021ecb013cf0 DEOPT PACKING pc=0x0000021ebdefc190 sp=0x0000007dbc5fc3a0
Event: 2.226 Thread 0x0000021ecb013cf0 DEOPT UNPACKING pc=0x0000021ebd987da2 sp=0x0000007dbc5fc2e0 mode 2
Event: 2.376 Thread 0x0000021ecb013cf0 DEOPT PACKING pc=0x0000021eb6870c81 sp=0x0000007dbc5f89a0
Event: 2.376 Thread 0x0000021ecb013cf0 DEOPT UNPACKING pc=0x0000021ebd9888e2 sp=0x0000007dbc5f7eb0 mode 0
Event: 2.390 Thread 0x0000021ecb013cf0 DEOPT PACKING pc=0x0000021eb6870ca2 sp=0x0000007dbc5fbaa0
Event: 2.390 Thread 0x0000021ecb013cf0 DEOPT UNPACKING pc=0x0000021ebd9888e2 sp=0x0000007dbc5fafb0 mode 0
Event: 2.400 Thread 0x0000021ecb013cf0 DEOPT PACKING pc=0x0000021eb6870c81 sp=0x0000007dbc5f64d0
Event: 2.400 Thread 0x0000021ecb013cf0 DEOPT UNPACKING pc=0x0000021ebd9888e2 sp=0x0000007dbc5f59e0 mode 0

Classes loaded (20 events):
Event: 2.441 Loading class java/time/temporal/TemporalUnit
Event: 2.441 Loading class java/time/temporal/TemporalUnit done
Event: 2.473 Loading class java/util/regex/Pattern$Dollar
Event: 2.473 Loading class java/util/regex/Pattern$Dollar done
Event: 2.478 Loading class java/io/ObjectOutputStream
Event: 2.478 Loading class java/io/ObjectOutput
Event: 2.478 Loading class java/io/ObjectOutput done
Event: 2.478 Loading class java/io/ObjectStreamConstants
Event: 2.478 Loading class java/io/ObjectStreamConstants done
Event: 2.478 Loading class java/io/ObjectOutputStream done
Event: 2.479 Loading class java/io/ObjectInputStream
Event: 2.479 Loading class java/io/ObjectInput
Event: 2.479 Loading class java/io/ObjectInput done
Event: 2.479 Loading class java/io/ObjectInputStream done
Event: 2.519 Loading class java/lang/management/MemoryType
Event: 2.519 Loading class java/lang/management/MemoryType done
Event: 2.520 Loading class java/lang/management/MemoryUsage
Event: 2.520 Loading class java/lang/management/MemoryUsage done
Event: 2.520 Loading class java/util/concurrent/LinkedBlockingDeque$Node
Event: 2.520 Loading class java/util/concurrent/LinkedBlockingDeque$Node done

Classes unloaded (0 events):
No events

Classes redefined (0 events):
No events

Internal exceptions (20 events):
Event: 2.161 Thread 0x0000021ecb013cf0 Exception <a 'java/lang/NoSuchMethodError'{0x00000000825dcfb8}: 'java.lang.Object java.lang.invoke.DirectMethodHandle$Holder.invokeVirtual(java.lang.Object, java.lang.Object, java.lang.Object, java.lang.Object, java.lang.Object, java.lang.Object, java.lang.Object, java.lang.Object)'> (0x00000000825dcfb8) 
thrown [s\src\hotspot\share\interpreter\linkResolver.cpp, line 784]
Event: 2.170 Thread 0x0000021ecb013cf0 Exception <a 'java/lang/NoSuchMethodError'{0x0000000082487918}: 'java.lang.Object java.lang.invoke.DirectMethodHandle$Holder.invokeVirtual(java.lang.Object, java.lang.Object, java.lang.Object, java.lang.Object, java.lang.Object, java.lang.Object, java.lang.Object, java.lang.Object, java.lang.Object, java.lang.Object)'> (0x0000000082487918) 
thrown [s\src\hotspot\share\interpreter\linkResolver.cpp, line 784]
Event: 2.207 Thread 0x0000021ecb013cf0 Exception <a 'java/lang/NoSuchMethodError'{0x000000008226d8e0}: 'int java.lang.invoke.DirectMethodHandle$Holder.invokeSpecialIFC(java.lang.Object, java.lang.Object, java.lang.Object, java.lang.Object)'> (0x000000008226d8e0) 
thrown [s\src\hotspot\share\interpreter\linkResolver.cpp, line 784]
Event: 2.209 Thread 0x0000021ecb013cf0 Exception <a 'java/lang/IncompatibleClassChangeError'{0x000000008227ae38}: Found class java.lang.Object, but interface was expected> (0x000000008227ae38) 
thrown [s\src\hotspot\share\interpreter\linkResolver.cpp, line 851]
Event: 2.226 Thread 0x0000021ecb013cf0 Implicit null exception at 0x0000021ebdefc0e6 to 0x0000021ebdefc186
Event: 2.267 Thread 0x0000021ecb013cf0 Exception <a 'java/lang/NoSuchMethodError'{0x0000000081ee23a0}: 'java.lang.Object java.lang.invoke.DelegatingMethodHandle$Holder.reinvoke_L(java.lang.Object, java.lang.Object, java.lang.Object, java.lang.Object, java.lang.Object, java.lang.Object, java.lang.Object, java.lang.Object, java.lang.Object, java.lang.Object, java.lang.Object, java.lang.Object, java.lang.Object, java.lang.Object, java.lang.Object, java.lang.Object, java.lang.Object, java.lang.Object, java.lang.Object, java.lang.Object, java.lang.O
Event: 2.270 Thread 0x0000021ecb013cf0 Exception <a 'java/lang/NoSuchMethodError'{0x0000000081d51820}: 'java.lang.Object java.lang.invoke.DirectMethodHandle$Holder.invokeStatic(java.lang.Object, java.lang.Object, java.lang.Object, java.lang.Object, java.lang.Object, java.lang.Object, java.lang.Object, java.lang.Object, java.lang.Object, java.lang.Object, java.lang.Object, java.lang.Object, java.lang.Object, java.lang.Object, java.lang.Object, java.lang.Object, java.lang.Object)'> (0x0000000081d51820) 
thrown [s\src\hotspot\share\interpreter\lin
Event: 2.271 Thread 0x0000021ecb013cf0 Exception <a 'java/lang/NoSuchMethodError'{0x0000000081d7a5e8}: 'java.lang.Object java.lang.invoke.DirectMethodHandle$Holder.invokeStatic(java.lang.Object, java.lang.Object, java.lang.Object, java.lang.Object, java.lang.Object, java.lang.Object, java.lang.Object, java.lang.Object, java.lang.Object, java.lang.Object, java.lang.Object, java.lang.Object, java.lang.Object, java.lang.Object, java.lang.Object, java.lang.Object, java.lang.Object, java.lang.Object)'> (0x0000000081d7a5e8) 
thrown [s\src\hotspot\sha
Event: 2.272 Thread 0x0000021ecb013cf0 Exception <a 'java/lang/NoSuchMethodError'{0x0000000081da4a88}: 'java.lang.Object java.lang.invoke.DirectMethodHandle$Holder.invokeStatic(java.lang.Object, java.lang.Object, java.lang.Object, java.lang.Object, java.lang.Object, java.lang.Object, java.lang.Object, java.lang.Object, java.lang.Object, java.lang.Object, java.lang.Object, java.lang.Object, java.lang.Object, java.lang.Object, java.lang.Object, java.lang.Object, java.lang.Object, java.lang.Object, java.lang.Object)'> (0x0000000081da4a88) 
thrown 
Event: 2.274 Thread 0x0000021ecb013cf0 Exception <a 'java/lang/NoSuchMethodError'{0x0000000081dd0110}: 'java.lang.Object java.lang.invoke.DirectMethodHandle$Holder.invokeStatic(java.lang.Object, java.lang.Object, java.lang.Object, java.lang.Object, java.lang.Object, java.lang.Object, java.lang.Object, java.lang.Object, java.lang.Object, java.lang.Object, java.lang.Object, java.lang.Object, java.lang.Object, java.lang.Object, java.lang.Object, java.lang.Object, java.lang.Object, java.lang.Object, java.lang.Object, java.lang.Object)'> (0x00000000
Event: 2.275 Thread 0x0000021ecb013cf0 Exception <a 'java/lang/NoSuchMethodError'{0x0000000081dfcc80}: 'java.lang.Object java.lang.invoke.DirectMethodHandle$Holder.invokeStatic(java.lang.Object, java.lang.Object, java.lang.Object, java.lang.Object, java.lang.Object, java.lang.Object, java.lang.Object, java.lang.Object, java.lang.Object, java.lang.Object, java.lang.Object, java.lang.Object, java.lang.Object, java.lang.Object, java.lang.Object, java.lang.Object, java.lang.Object, java.lang.Object, java.lang.Object, java.lang.Object, java.lang.Obj
Event: 2.277 Thread 0x0000021ecb013cf0 Exception <a 'java/lang/NoSuchMethodError'{0x0000000081c2b050}: 'java.lang.Object java.lang.invoke.DirectMethodHandle$Holder.invokeStatic(java.lang.Object, java.lang.Object, java.lang.Object, java.lang.Object, java.lang.Object, java.lang.Object, java.lang.Object, java.lang.Object, java.lang.Object, java.lang.Object, java.lang.Object, java.lang.Object, java.lang.Object, java.lang.Object, java.lang.Object, java.lang.Object, java.lang.Object, java.lang.Object, java.lang.Object, java.lang.Object, java.lang.Obj
Event: 2.278 Thread 0x0000021ecb013cf0 Exception <a 'java/lang/NoSuchMethodError'{0x0000000081c59bc0}: 'java.lang.Object java.lang.invoke.DirectMethodHandle$Holder.invokeStatic(java.lang.Object, java.lang.Object, java.lang.Object, java.lang.Object, java.lang.Object, java.lang.Object, java.lang.Object, java.lang.Object, java.lang.Object, java.lang.Object, java.lang.Object, java.lang.Object, java.lang.Object, java.lang.Object, java.lang.Object, java.lang.Object, java.lang.Object, java.lang.Object, java.lang.Object, java.lang.Object, java.lang.Obj
Event: 2.280 Thread 0x0000021ecb013cf0 Exception <a 'java/lang/NoSuchMethodError'{0x0000000081c894d8}: 'java.lang.Object java.lang.invoke.DirectMethodHandle$Holder.invokeStatic(java.lang.Object, java.lang.Object, java.lang.Object, java.lang.Object, java.lang.Object, java.lang.Object, java.lang.Object, java.lang.Object, java.lang.Object, java.lang.Object, java.lang.Object, java.lang.Object, java.lang.Object, java.lang.Object, java.lang.Object, java.lang.Object, java.lang.Object, java.lang.Object, java.lang.Object, java.lang.Object, java.lang.Obj
Event: 2.282 Thread 0x0000021ecb013cf0 Exception <a 'java/lang/NoSuchMethodError'{0x0000000081cb9c20}: 'java.lang.Object java.lang.invoke.DirectMethodHandle$Holder.invokeStatic(java.lang.Object, java.lang.Object, java.lang.Object, java.lang.Object, java.lang.Object, java.lang.Object, java.lang.Object, java.lang.Object, java.lang.Object, java.lang.Object, java.lang.Object, java.lang.Object, java.lang.Object, java.lang.Object, java.lang.Object, java.lang.Object, java.lang.Object, java.lang.Object, java.lang.Object, java.lang.Object, java.lang.Obj
Event: 2.285 Thread 0x0000021ecb013cf0 Exception <a 'java/lang/NoSuchMethodError'{0x0000000081cead68}: 'java.lang.Object java.lang.invoke.DirectMethodHandle$Holder.invokeStatic(java.lang.Object, java.lang.Object, java.lang.Object, java.lang.Object, java.lang.Object, java.lang.Object, java.lang.Object, java.lang.Object, java.lang.Object, java.lang.Object, java.lang.Object, java.lang.Object, java.lang.Object, java.lang.Object, java.lang.Object, java.lang.Object, java.lang.Object, java.lang.Object, java.lang.Object, java.lang.Object, java.lang.Obj
Event: 2.286 Thread 0x0000021ecb013cf0 Exception <a 'java/lang/NoSuchMethodError'{0x0000000081b1dc80}: 'java.lang.Object java.lang.invoke.DirectMethodHandle$Holder.invokeStatic(java.lang.Object, java.lang.Object, java.lang.Object, java.lang.Object, java.lang.Object, java.lang.Object, java.lang.Object, java.lang.Object, java.lang.Object, java.lang.Object, java.lang.Object, java.lang.Object, java.lang.Object, java.lang.Object, java.lang.Object, java.lang.Object, java.lang.Object, java.lang.Object, java.lang.Object, java.lang.Object, java.lang.Obj
Event: 2.309 Thread 0x0000021ecb013cf0 Exception <a 'java/lang/IncompatibleClassChangeError'{0x000000008fd43b50}: Found class java.lang.Object, but interface was expected> (0x000000008fd43b50) 
thrown [s\src\hotspot\share\interpreter\linkResolver.cpp, line 851]
Event: 2.467 Thread 0x0000021ecb013cf0 Exception <a 'java/lang/IncompatibleClassChangeError'{0x0000000083799ff8}: Found class java.lang.Object, but interface was expected> (0x0000000083799ff8) 
thrown [s\src\hotspot\share\interpreter\linkResolver.cpp, line 851]
Event: 2.470 Thread 0x0000021ecb013cf0 Exception <a 'java/lang/NoSuchMethodError'{0x00000000837c4628}: 'java.lang.Object java.lang.invoke.DirectMethodHandle$Holder.newInvokeSpecial(java.lang.Object, java.lang.Object, java.lang.Object, java.lang.Object, java.lang.Object, java.lang.Object, java.lang.Object, java.lang.Object, java.lang.Object, java.lang.Object)'> (0x00000000837c4628) 
thrown [s\src\hotspot\share\interpreter\linkResolver.cpp, line 784]

ZGC Phase Switch (0 events):
No events

VM Operations (20 events):
Event: 1.624 Executing VM operation: HandshakeAllThreads (Deoptimize)
Event: 1.624 Executing VM operation: HandshakeAllThreads (Deoptimize) done
Event: 1.671 Executing VM operation: HandshakeAllThreads (Deoptimize)
Event: 1.671 Executing VM operation: HandshakeAllThreads (Deoptimize) done
Event: 1.744 Executing VM operation: HandshakeAllThreads (Deoptimize)
Event: 1.744 Executing VM operation: HandshakeAllThreads (Deoptimize) done
Event: 1.865 Executing VM operation: CollectForMetadataAllocation (Metadata GC Threshold)
Event: 1.868 Executing VM operation: CollectForMetadataAllocation (Metadata GC Threshold) done
Event: 1.871 Executing VM operation: G1PauseRemark
Event: 1.872 Executing VM operation: G1PauseRemark done
Event: 1.873 Executing VM operation: G1PauseCleanup
Event: 1.873 Executing VM operation: G1PauseCleanup done
Event: 2.127 Executing VM operation: HandshakeAllThreads (Deoptimize)
Event: 2.127 Executing VM operation: HandshakeAllThreads (Deoptimize) done
Event: 2.292 Executing VM operation: HandshakeAllThreads (Deoptimize)
Event: 2.292 Executing VM operation: HandshakeAllThreads (Deoptimize) done
Event: 2.293 Executing VM operation: HandshakeAllThreads (Deoptimize)
Event: 2.293 Executing VM operation: HandshakeAllThreads (Deoptimize) done
Event: 2.300 Executing VM operation: G1CollectForAllocation (G1 Evacuation Pause)
Event: 2.304 Executing VM operation: G1CollectForAllocation (G1 Evacuation Pause) done

Memory protections (0 events):
No events

Nmethod flushes (0 events):
No events

Events (20 events):
Event: 0.535 Loaded shared library C:\Users\Abidul\.gradle\native\1def1411415f61bf3af743bc5b6707747c0891f09f0c88961ee8f79bc544acac\windows-amd64\native-platform.dll
Event: 0.545 Loaded shared library C:\Users\Abidul\.gradle\native\0.2.7\x86_64-windows-gnu\gradle-fileevents.dll
Event: 1.086 Thread 0x0000021ecaf43ee0 Thread exited: 0x0000021ecaf43ee0
Event: 1.462 Loaded shared library C:\Program Files\Android\Android Studio\jbr\bin\management.dll
Event: 1.465 Loaded shared library C:\Program Files\Android\Android Studio\jbr\bin\management_ext.dll
Event: 1.502 Thread 0x0000021eb0f93c00 Thread added: 0x0000021ecb014380
Event: 1.591 Loaded shared library C:\Program Files\Android\Android Studio\jbr\bin\extnet.dll
Event: 1.682 Thread 0x0000021eb0f93c00 Thread added: 0x0000021ecb015dc0
Event: 1.728 Thread 0x0000021eb0f93c00 Thread added: 0x0000021ecb014a10
Event: 1.763 Thread 0x0000021ecb015dc0 Thread added: 0x0000021ecb0150a0
Event: 1.765 Thread 0x0000021ecb0150a0 Thread added: 0x0000021ecb016ae0
Event: 1.794 Thread 0x0000021ecb0150a0 Thread added: 0x0000021ecb013660
Event: 1.799 Thread 0x0000021ecb0150a0 Thread added: 0x0000021ecb013cf0
Event: 1.805 Thread 0x0000021ecb013cf0 Thread added: 0x0000021ed1415710
Event: 1.808 Thread 0x0000021ecb013cf0 Thread added: 0x0000021ed1413640
Event: 1.810 Thread 0x0000021ecb013cf0 Thread added: 0x0000021ed1412290
Event: 2.127 Thread 0x0000021ecb013cf0 Thread added: 0x0000021ed1415da0
Event: 2.132 Thread 0x0000021ecb013cf0 Thread added: 0x0000021ed14198b0
Event: 2.151 Thread 0x0000021ecb013cf0 Thread added: 0x0000021ed1417e70
Event: 2.283 Thread 0x0000021ecaf44c80 Thread added: 0x0000021ecaf45350


Dynamic libraries:
0x00007ff64fe80000 - 0x00007ff64fe8a000 	C:\Program Files\Android\Android Studio\jbr\bin\java.exe
0x00007ffadf210000 - 0x00007ffadf408000 	C:\Windows\SYSTEM32\ntdll.dll
0x00007ffadd430000 - 0x00007ffadd4f2000 	C:\Windows\System32\KERNEL32.DLL
0x00007ffadc9f0000 - 0x00007ffadcce6000 	C:\Windows\System32\KERNELBASE.dll
0x00007ffadcea0000 - 0x00007ffadcfa0000 	C:\Windows\System32\ucrtbase.dll
0x00007ffad5ea0000 - 0x00007ffad5ebb000 	C:\Program Files\Android\Android Studio\jbr\bin\VCRUNTIME140.dll
0x00007ffabda00000 - 0x00007ffabda18000 	C:\Program Files\Android\Android Studio\jbr\bin\jli.dll
0x00007ffade380000 - 0x00007ffade521000 	C:\Windows\System32\USER32.dll
0x00007ffadcfa0000 - 0x00007ffadcfc2000 	C:\Windows\System32\win32u.dll
0x00007ffabd740000 - 0x00007ffabd9db000 	C:\Windows\WinSxS\amd64_microsoft.windows.common-controls_6595b64144ccf1df_6.0.19041.6456_none_60b8a6cb71f64256\COMCTL32.dll
0x00007ffade150000 - 0x00007ffade17b000 	C:\Windows\System32\GDI32.dll
0x00007ffadd230000 - 0x00007ffadd2ce000 	C:\Windows\System32\msvcrt.dll
0x00007ffadcd80000 - 0x00007ffadce99000 	C:\Windows\System32\gdi32full.dll
0x00007ffadc920000 - 0x00007ffadc9bd000 	C:\Windows\System32\msvcp_win.dll
0x00007ffade280000 - 0x00007ffade2af000 	C:\Windows\System32\IMM32.DLL
0x00007ffad7400000 - 0x00007ffad740c000 	C:\Program Files\Android\Android Studio\jbr\bin\vcruntime140_1.dll
0x00007ffa982f0000 - 0x00007ffa9837d000 	C:\Program Files\Android\Android Studio\jbr\bin\msvcp140.dll
0x00007ffa766c0000 - 0x00007ffa7734e000 	C:\Program Files\Android\Android Studio\jbr\bin\server\jvm.dll
0x00007ffadd7d0000 - 0x00007ffadd881000 	C:\Windows\System32\ADVAPI32.dll
0x00007ffade1e0000 - 0x00007ffade27f000 	C:\Windows\System32\sechost.dll
0x00007ffadd620000 - 0x00007ffadd740000 	C:\Windows\System32\RPCRT4.dll
0x00007ffadc9c0000 - 0x00007ffadc9e7000 	C:\Windows\System32\bcrypt.dll
0x00007ffade080000 - 0x00007ffade0eb000 	C:\Windows\System32\WS2_32.dll
0x00007ffadc2b0000 - 0x00007ffadc2fb000 	C:\Windows\SYSTEM32\POWRPROF.dll
0x00007ffac63a0000 - 0x00007ffac63c7000 	C:\Windows\SYSTEM32\WINMM.dll
0x00007ffad5df0000 - 0x00007ffad5dfa000 	C:\Windows\SYSTEM32\VERSION.dll
0x00007ffadc290000 - 0x00007ffadc2a2000 	C:\Windows\SYSTEM32\UMPDC.dll
0x00007ffada8d0000 - 0x00007ffada8e2000 	C:\Windows\SYSTEM32\kernel.appcore.dll
0x00007ffad7340000 - 0x00007ffad734a000 	C:\Program Files\Android\Android Studio\jbr\bin\jimage.dll
0x00007ffada490000 - 0x00007ffada691000 	C:\Windows\SYSTEM32\DBGHELP.DLL
0x00007ffad2ca0000 - 0x00007ffad2cd4000 	C:\Windows\SYSTEM32\dbgcore.DLL
0x00007ffadccf0000 - 0x00007ffadcd72000 	C:\Windows\System32\bcryptPrimitives.dll
0x00007ffad05e0000 - 0x00007ffad05ee000 	C:\Program Files\Android\Android Studio\jbr\bin\instrument.dll
0x00007ffad0670000 - 0x00007ffad0690000 	C:\Program Files\Android\Android Studio\jbr\bin\java.dll
0x00007ffad05c0000 - 0x00007ffad05d8000 	C:\Program Files\Android\Android Studio\jbr\bin\zip.dll
0x00007ffadd910000 - 0x00007ffade080000 	C:\Windows\System32\SHELL32.dll
0x00007ffada8f0000 - 0x00007ffadb095000 	C:\Windows\SYSTEM32\windows.storage.dll
0x00007ffade5d0000 - 0x00007ffade924000 	C:\Windows\System32\combase.dll
0x00007ffadc110000 - 0x00007ffadc13b000 	C:\Windows\SYSTEM32\Wldp.dll
0x00007ffade2b0000 - 0x00007ffade37d000 	C:\Windows\System32\OLEAUT32.dll
0x00007ffadd380000 - 0x00007ffadd42d000 	C:\Windows\System32\SHCORE.dll
0x00007ffade930000 - 0x00007ffade98b000 	C:\Windows\System32\shlwapi.dll
0x00007ffadc7d0000 - 0x00007ffadc7f4000 	C:\Windows\SYSTEM32\profapi.dll
0x00007ffad0650000 - 0x00007ffad0660000 	C:\Program Files\Android\Android Studio\jbr\bin\net.dll
0x00007ffad2a10000 - 0x00007ffad2b1a000 	C:\Windows\SYSTEM32\WINHTTP.dll
0x00007ffadbef0000 - 0x00007ffadbf5a000 	C:\Windows\system32\mswsock.dll
0x00007ffad0500000 - 0x00007ffad0516000 	C:\Program Files\Android\Android Studio\jbr\bin\nio.dll
0x00007ffabdb10000 - 0x00007ffabdb20000 	C:\Program Files\Android\Android Studio\jbr\bin\verify.dll
0x00007ffabdd50000 - 0x00007ffabdd77000 	C:\Users\Abidul\.gradle\native\1def1411415f61bf3af743bc5b6707747c0891f09f0c88961ee8f79bc544acac\windows-amd64\native-platform.dll
0x00007ffa94f40000 - 0x00007ffa94fb8000 	C:\Users\Abidul\.gradle\native\0.2.7\x86_64-windows-gnu\gradle-fileevents.dll
0x00007ffabe2b0000 - 0x00007ffabe2b9000 	C:\Program Files\Android\Android Studio\jbr\bin\management.dll
0x00007ffabe2a0000 - 0x00007ffabe2ab000 	C:\Program Files\Android\Android Studio\jbr\bin\management_ext.dll
0x00007ffadd740000 - 0x00007ffadd748000 	C:\Windows\System32\PSAPI.DLL
0x00007ffadbbf0000 - 0x00007ffadbc2b000 	C:\Windows\SYSTEM32\IPHLPAPI.DLL
0x00007ffade990000 - 0x00007ffade998000 	C:\Windows\System32\NSI.dll
0x00007ffabe2c0000 - 0x00007ffabe2c9000 	C:\Program Files\Android\Android Studio\jbr\bin\extnet.dll
0x00007ffadc1c0000 - 0x00007ffadc1d8000 	C:\Windows\SYSTEM32\CRYPTSP.dll
0x00007ffadb830000 - 0x00007ffadb868000 	C:\Windows\system32\rsaenh.dll
0x00007ffadc750000 - 0x00007ffadc77e000 	C:\Windows\SYSTEM32\USERENV.dll
0x00007ffadc080000 - 0x00007ffadc08c000 	C:\Windows\SYSTEM32\CRYPTBASE.dll
0x00007ffabedc0000 - 0x00007ffabedc7000 	C:\Windows\system32\wshunix.dll

dbghelp: loaded successfully - version: 4.0.5 - missing functions: none
symbol engine: initialized successfully - sym options: 0x614 - pdb path: .;C:\Program Files\Android\Android Studio\jbr\bin;C:\Windows\SYSTEM32;C:\Windows\WinSxS\amd64_microsoft.windows.common-controls_6595b64144ccf1df_6.0.19041.6456_none_60b8a6cb71f64256;C:\Program Files\Android\Android Studio\jbr\bin\server;C:\Users\Abidul\.gradle\native\1def1411415f61bf3af743bc5b6707747c0891f09f0c88961ee8f79bc544acac\windows-amd64;C:\Users\Abidul\.gradle\native\0.2.7\x86_64-windows-gnu

VM Arguments:
jvm_args: --add-opens=java.base/java.lang=ALL-UNNAMED --add-opens=java.base/java.lang.invoke=ALL-UNNAMED --add-opens=java.base/java.util=ALL-UNNAMED --add-opens=java.prefs/java.util.prefs=ALL-UNNAMED --add-exports=jdk.compiler/com.sun.tools.javac.api=ALL-UNNAMED --add-exports=jdk.compiler/com.sun.tools.javac.util=ALL-UNNAMED --add-opens=java.base/java.util=ALL-UNNAMED --add-opens=java.prefs/java.util.prefs=ALL-UNNAMED --add-opens=java.base/java.nio.charset=ALL-UNNAMED --add-opens=java.base/java.net=ALL-UNNAMED --add-opens=java.base/java.util.concurrent.atomic=ALL-UNNAMED --add-opens=java.xml/javax.xml.namespace=ALL-UNNAMED -Xmx2048m -Dfile.encoding=UTF-8 -Duser.country=US -Duser.language=en -Duser.variant -javaagent:C:\Users\Abidul\.gradle\wrapper\dists\gradle-8.13-bin\5xuhj0ry160q40clulazy9h7d\gradle-8.13\lib\agents\gradle-instrumentation-agent-8.13.jar 
java_command: org.gradle.launcher.daemon.bootstrap.GradleDaemon 8.13
java_class_path (initial): C:\Users\Abidul\.gradle\wrapper\dists\gradle-8.13-bin\5xuhj0ry160q40clulazy9h7d\gradle-8.13\lib\gradle-daemon-main-8.13.jar
Launcher Type: SUN_STANDARD

[Global flags]
     intx CICompilerCount                          = 4                                         {product} {ergonomic}
     uint ConcGCThreads                            = 3                                         {product} {ergonomic}
     uint G1ConcRefinementThreads                  = 10                                        {product} {ergonomic}
   size_t G1HeapRegionSize                         = 1048576                                   {product} {ergonomic}
    uintx GCDrainStackTargetSize                   = 64                                        {product} {ergonomic}
   size_t InitialHeapSize                          = 266338304                                 {product} {ergonomic}
   size_t MarkStackSize                            = 4194304                                   {product} {ergonomic}
   size_t MaxHeapSize                              = 2147483648                                {product} {command line}
   size_t MaxNewSize                               = 1287651328                                {product} {ergonomic}
   size_t MinHeapDeltaBytes                        = 1048576                                   {product} {ergonomic}
   size_t MinHeapSize                              = 8388608                                   {product} {ergonomic}
    uintx NonNMethodCodeHeapSize                   = 5839372                                {pd product} {ergonomic}
    uintx NonProfiledCodeHeapSize                  = 122909434                              {pd product} {ergonomic}
    uintx ProfiledCodeHeapSize                     = 122909434                              {pd product} {ergonomic}
    uintx ReservedCodeCacheSize                    = 251658240                              {pd product} {ergonomic}
     bool SegmentedCodeCache                       = true                                      {product} {ergonomic}
   size_t SoftMaxHeapSize                          = 2147483648                             {manageable} {ergonomic}
     bool UseCompressedOops                        = true                           {product lp64_product} {ergonomic}
     bool UseG1GC                                  = true                                      {product} {ergonomic}
     bool UseLargePagesIndividualAllocation        = false                                  {pd product} {ergonomic}

Logging:
Log output configuration:
 #0: stdout all=warning uptime,level,tags foldmultilines=false
 #1: stderr all=off uptime,level,tags foldmultilines=false

Environment Variables:
PATH=C:\Program Files (x86)\Razer\ChromaBroadcast\bin;C:\Program Files\Razer\ChromaBroadcast\bin;C:\Program Files (x86)\Razer Chroma SDK\bin;C:\Program Files\Razer Chroma SDK\bin;C:\Windows\system32;C:\Windows;C:\Windows\System32\Wbem;C:\Windows\System32\WindowsPowerShell\v1.0\;C:\Windows\System32\OpenSSH\;C:\Program Files\NVIDIA Corporation\NVIDIA NvDLISR;C:\Program Files (x86)\NVIDIA Corporation\PhysX\Common;C:\Users\Abidul\AppData\Local\Microsoft\WindowsApps;C:\Windows\system32\config\systemprofile\AppData\Local\Microsoft\WindowsApps;C:\Program Files\Tailscale\;C:\Program Files\Git\cmd;c:\Users\Abidul\AppData\Local\Programs\cursor\resources\app\codeBin;C:\Users\Abidul\AppData\Local\Microsoft\WindowsApps;C:\Users\Abidul\AppData\Local\Programs\cursor\resources\app\bin;C:\Users\Abidul\AppData\Local\Programs\Microsoft VS Code\bin
USERNAME=Abidul
OS=Windows_NT
PROCESSOR_IDENTIFIER=Intel64 Family 6 Model 167 Stepping 1, GenuineIntel
TMP=C:\Users\Abidul\AppData\Local\Temp
TEMP=C:\Users\Abidul\AppData\Local\Temp




Periodic native trim disabled

JNI global refs:
JNI global refs: 23, weak refs: 0

JNI global refs memory usage: 835, weak refs: 833

Process memory usage:
Resident Set Size: 205664K (1% of 16602000K total physical memory with 2375020K free physical memory)

OOME stack traces (most recent first):
Classloader memory used:
Loader bootstrap                                                                       : 16180K
Loader org.gradle.internal.classloader.VisitableURLClassLoader                         : 11586K
Loader org.gradle.initialization.MixInLegacyTypesClassLoader                           : 1429K
Loader jdk.internal.loader.ClassLoaders$AppClassLoader                                 : 235K
Loader jdk.internal.loader.ClassLoaders$PlatformClassLoader                            : 115K

Classes loaded by more than one classloader:
Class org.gradle.internal.classloader.FilteringClassLoader                            : loaded 2 times (x 103B)
Class org.gradle.internal.classloader.ClassLoaderHierarchy                            : loaded 2 times (x 68B)
Class org.gradle.api.internal.classpath.ManifestUtil                                  : loaded 2 times (x 69B)
Class org.gradle.internal.classloader.DefaultClassLoaderFactory                       : loaded 2 times (x 80B)
Class org.gradle.internal.classloader.ClassLoaderVisitor                              : loaded 2 times (x 74B)
Class org.gradle.api.internal.classpath.EffectiveClassPath                            : loaded 2 times (x 88B)
Class org.gradle.api.internal.DefaultClassPathProvider                                : loaded 2 times (x 74B)
Class [Lorg.gradle.api.internal.ClassPathProvider;                                    : loaded 2 times (x 67B)
Class org.gradle.api.internal.ClassPathProvider                                       : loaded 2 times (x 68B)
Class org.gradle.internal.service.UnknownServiceException                             : loaded 2 times (x 81B)
Class org.gradle.internal.classpath.TransformedClassPath                              : loaded 2 times (x 94B)
Class org.gradle.internal.classloader.InstrumentingClassLoader                        : loaded 2 times (x 68B)
Class org.gradle.internal.service.ServiceLocator                                      : loaded 2 times (x 68B)
Class org.gradle.internal.InternalTransformer                                         : loaded 2 times (x 68B)
Class org.gradle.internal.classloader.ClasspathUtil$1                                 : loaded 2 times (x 74B)
Class org.gradle.api.internal.classpath.DefaultModuleRegistry$DefaultModule           : loaded 2 times (x 84B)
Class org.gradle.api.internal.classpath.Module                                        : loaded 2 times (x 68B)
Class org.gradle.api.internal.classpath.UnknownModuleException                        : loaded 2 times (x 80B)
Class org.gradle.api.internal.DefaultClassPathRegistry                                : loaded 2 times (x 74B)
Class org.gradle.api.internal.ClassPathRegistry                                       : loaded 2 times (x 68B)
Class org.gradle.internal.classpath.DefaultClassPath$ImmutableUniqueList              : loaded 2 times (x 197B)
Class org.gradle.internal.classpath.ClassPath                                         : loaded 2 times (x 68B)
Class org.gradle.api.UncheckedIOException                                             : loaded 2 times (x 80B)
Class org.gradle.internal.installation.GradleInstallation$1                           : loaded 2 times (x 73B)
Class org.gradle.api.internal.classpath.ModuleRegistry                                : loaded 2 times (x 68B)
Class org.gradle.api.internal.classpath.DefaultModuleRegistry                         : loaded 2 times (x 84B)
Class org.gradle.internal.service.ServiceLookupException                              : loaded 2 times (x 80B)
Class org.gradle.internal.classloader.ClassLoaderFactory                              : loaded 2 times (x 68B)
Class org.gradle.internal.service.CachingServiceLocator                               : loaded 2 times (x 80B)
Class org.gradle.internal.classloader.ClasspathUtil                                   : loaded 2 times (x 69B)
Class org.gradle.api.specs.Spec                                                       : loaded 2 times (x 68B)
Class org.gradle.internal.classloader.VisitableURLClassLoader$InstrumentingVisitableURLClassLoader: loaded 2 times (x 121B)
Class org.gradle.internal.classloader.VisitableURLClassLoader$Spec                    : loaded 2 times (x 72B)
Class org.gradle.internal.classpath.DefaultClassPath                                  : loaded 2 times (x 88B)
Class org.gradle.internal.classloader.ClassLoaderSpec                                 : loaded 2 times (x 69B)
Class org.gradle.internal.classloader.VisitableURLClassLoader                         : loaded 2 times (x 115B)
Class org.gradle.internal.Cast                                                        : loaded 2 times (x 69B)
Class org.gradle.api.Action                                                           : loaded 2 times (x 68B)
Class org.gradle.internal.classpath.DefaultClassPath$ImmutableUniqueList$Builder      : loaded 2 times (x 73B)
Class org.gradle.api.GradleException                                                  : loaded 2 times (x 80B)
Class org.gradle.internal.IoActions                                                   : loaded 2 times (x 69B)
Class org.gradle.internal.classloader.SystemClassLoaderSpec                           : loaded 2 times (x 69B)
Class org.gradle.api.internal.classpath.GlobalCacheRootsProvider                      : loaded 2 times (x 68B)
Class org.gradle.internal.installation.CurrentGradleInstallationLocator               : loaded 2 times (x 69B)
Class org.gradle.internal.service.DefaultServiceLocator                               : loaded 2 times (x 81B)
Class org.gradle.internal.installation.CurrentGradleInstallation                      : loaded 2 times (x 71B)
Class org.gradle.util.internal.GUtil                                                  : loaded 2 times (x 69B)
Class org.gradle.internal.installation.GradleInstallation                             : loaded 2 times (x 73B)

---------------  S Y S T E M  ---------------

OS:
 Windows 10 , 64 bit Build 19041 (10.0.19041.5915)
OS uptime: 0 days 3:48 hours
Hyper-V role detected

CPU: total 12 (initial active 12) (6 cores per cpu, 2 threads per core) family 6 model 167 stepping 1 microcode 0x3c, cx8, cmov, fxsr, ht, mmx, 3dnowpref, sse, sse2, sse3, ssse3, sse4.1, sse4.2, popcnt, lzcnt, tsc, tscinvbit, avx, avx2, aes, erms, clmul, bmi1, bmi2, adx, avx512f, avx512dq, avx512cd, avx512bw, avx512vl, sha, fma, vzeroupper, avx512_vpopcntdq, avx512_vpclmulqdq, avx512_vaes, avx512_vnni, clflush, clflushopt, avx512_vbmi2, avx512_vbmi, hv, rdtscp, rdpid, fsrm, gfni, avx512_bitalg, f16c, avx512_ifma
Processor Information for the first 12 processors :
  Max Mhz: 3912, Current Mhz: 3912, Mhz Limit: 3912

Memory: 4k page, system-wide physical 16212M (2319M free)
TotalPageFile size 22212M (AvailPageFile size 5M)
current process WorkingSet (physical memory assigned to process): 200M, peak: 201M
current process commit charge ("private bytes"): 250M, peak: 386M

vm_info: OpenJDK 64-Bit Server VM (21.0.7+-13880790-b1038.58) for windows-amd64 JRE (21.0.7+-13880790-b1038.58), built on 2025-08-04T20:56:21Z by "builder" with MS VC++ 16.10 / 16.11 (VS2019)

END.
